<?xml version="1.0" encoding="UTF-8"?>
<!-- Generated by org.testng.reporters.JUnitReportReporter -->
<testsuite skipped="0" hostname="CHETAN-PC" name="PageMethods.TestNGPractice" tests="2" failures="0" timestamp="21 Dec 2018 14:22:58 GMT" time="0.013" errors="0">
  <testcase name="test1" time="0.011" classname="PageMethods.TestNGPractice"/>
  <testcase name="test3" time="0.002" classname="PageMethods.TestNGPractice"/>
</testsuite> <!-- PageMethods.TestNGPractice -->
