<?xml version="1.0" encoding="UTF-8"?>
<!-- Generated by org.testng.reporters.JUnitReportReporter -->
<testsuite skipped="0" hostname="CHETAN-PC" name="Utility.reUsableMethods" tests="1" failures="0" timestamp="17 Dec 2018 04:36:30 GMT" time="20.945" errors="0">
  <testcase name="getBrowser" time="20.945" classname="Utility.reUsableMethods"/>
</testsuite> <!-- Utility.reUsableMethods -->
