<?xml version="1.0" encoding="UTF-8"?>
<!-- Generated by org.testng.reporters.JUnitReportReporter -->
<testsuite skipped="4" hostname="CHETAN-PC" name="PageMethods.homePage" tests="5" failures="0" timestamp="21 Dec 2018 14:22:58 GMT" time="0.002" errors="0">
  <testcase name="test1" time="0.002" classname="PageMethods.homePage"/>
  <testcase name="printTriagle" classname="PageMethods.homePage">
    <skipped/>
  </testcase> <!-- printTriagle -->
  <testcase name="searchJobs" classname="PageMethods.homePage">
    <skipped/>
  </testcase> <!-- searchJobs -->
  <testcase name="learnStar" classname="PageMethods.homePage">
    <skipped/>
  </testcase> <!-- learnStar -->
  <testcase name="starPattern" classname="PageMethods.homePage">
    <skipped/>
  </testcase> <!-- starPattern -->
</testsuite> <!-- PageMethods.homePage -->
